Determining if the pthread_create exist failed with the following output:
Change Dir: /home/ignisgravitas/AyDA/project/domus_spectra/linux-build/CMakeFiles/CMakeTmp

Run Build Command:"/usr/bin/make" "cmTC_29ade/fast"
/usr/bin/make -f CMakeFiles/cmTC_29ade.dir/build.make CMakeFiles/cmTC_29ade.dir/build
make[1]: Entering directory '/home/ignisgravitas/AyDA/project/domus_spectra/linux-build/CMakeFiles/CMakeTmp'
Building C object CMakeFiles/cmTC_29ade.dir/CheckSymbolExists.c.o
/usr/bin/cc    -std=c99 -std=gnu99 -fPIC    -o CMakeFiles/cmTC_29ade.dir/CheckSymbolExists.c.o   -c /home/ignisgravitas/AyDA/project/domus_spectra/linux-build/CMakeFiles/CMakeTmp/CheckSymbolExists.c
Linking C executable cmTC_29ade
/usr/bin/cmake -E cmake_link_script CMakeFiles/cmTC_29ade.dir/link.txt --verbose=1
/usr/bin/cc   -std=c99 -std=gnu99 -fPIC     CMakeFiles/cmTC_29ade.dir/CheckSymbolExists.c.o  -o cmTC_29ade -rdynamic 
CMakeFiles/cmTC_29ade.dir/CheckSymbolExists.c.o: In function `main':
CheckSymbolExists.c:(.text+0x1b): undefined reference to `pthread_create'
collect2: error: ld returned 1 exit status
CMakeFiles/cmTC_29ade.dir/build.make:97: recipe for target 'cmTC_29ade' failed
make[1]: *** [cmTC_29ade] Error 1
make[1]: Leaving directory '/home/ignisgravitas/AyDA/project/domus_spectra/linux-build/CMakeFiles/CMakeTmp'
Makefile:126: recipe for target 'cmTC_29ade/fast' failed
make: *** [cmTC_29ade/fast] Error 2

File /home/ignisgravitas/AyDA/project/domus_spectra/linux-build/CMakeFiles/CMakeTmp/CheckSymbolExists.c:
/* */
#include <pthread.h>

int main(int argc, char** argv)
{
  (void)argv;
#ifndef pthread_create
  return ((int*)(&pthread_create))[argc];
#else
  (void)argc;
  return 0;
#endif
}

Determining if the function pthread_create exists in the pthreads failed with the following output:
Change Dir: /home/ignisgravitas/AyDA/project/domus_spectra/linux-build/CMakeFiles/CMakeTmp

Run Build Command:"/usr/bin/make" "cmTC_e9ed5/fast"
/usr/bin/make -f CMakeFiles/cmTC_e9ed5.dir/build.make CMakeFiles/cmTC_e9ed5.dir/build
make[1]: Entering directory '/home/ignisgravitas/AyDA/project/domus_spectra/linux-build/CMakeFiles/CMakeTmp'
Building C object CMakeFiles/cmTC_e9ed5.dir/CheckFunctionExists.c.o
/usr/bin/cc    -std=c99 -std=gnu99 -fPIC -DCHECK_FUNCTION_EXISTS=pthread_create   -o CMakeFiles/cmTC_e9ed5.dir/CheckFunctionExists.c.o   -c /usr/share/cmake-3.5/Modules/CheckFunctionExists.c
Linking C executable cmTC_e9ed5
/usr/bin/cmake -E cmake_link_script CMakeFiles/cmTC_e9ed5.dir/link.txt --verbose=1
/usr/bin/cc   -std=c99 -std=gnu99 -fPIC -DCHECK_FUNCTION_EXISTS=pthread_create    CMakeFiles/cmTC_e9ed5.dir/CheckFunctionExists.c.o  -o cmTC_e9ed5 -rdynamic -lpthreads 
/usr/bin/ld: cannot find -lpthreads
collect2: error: ld returned 1 exit status
CMakeFiles/cmTC_e9ed5.dir/build.make:97: recipe for target 'cmTC_e9ed5' failed
make[1]: *** [cmTC_e9ed5] Error 1
make[1]: Leaving directory '/home/ignisgravitas/AyDA/project/domus_spectra/linux-build/CMakeFiles/CMakeTmp'
Makefile:126: recipe for target 'cmTC_e9ed5/fast' failed
make: *** [cmTC_e9ed5/fast] Error 2


