Determining if the pthread_create exist failed with the following output:
Change Dir: /home/berti/Repositorys/Ayda/domus_spectra/CMakeFiles/CMakeTmp

Run Build Command:"/usr/bin/make" "cmTC_b68d8/fast"
/usr/bin/make -f CMakeFiles/cmTC_b68d8.dir/build.make CMakeFiles/cmTC_b68d8.dir/build
make[1]: se entra en el directorio '/home/berti/Repositorys/Ayda/domus_spectra/CMakeFiles/CMakeTmp'
Building C object CMakeFiles/cmTC_b68d8.dir/CheckSymbolExists.c.o
/usr/bin/cc    -std=c99 -std=gnu99 -fPIC    -o CMakeFiles/cmTC_b68d8.dir/CheckSymbolExists.c.o   -c /home/berti/Repositorys/Ayda/domus_spectra/CMakeFiles/CMakeTmp/CheckSymbolExists.c
Linking C executable cmTC_b68d8
/usr/bin/cmake -E cmake_link_script CMakeFiles/cmTC_b68d8.dir/link.txt --verbose=1
/usr/bin/cc   -std=c99 -std=gnu99 -fPIC     CMakeFiles/cmTC_b68d8.dir/CheckSymbolExists.c.o  -o cmTC_b68d8 -rdynamic 
CMakeFiles/cmTC_b68d8.dir/CheckSymbolExists.c.o: En la función `main':
CheckSymbolExists.c:(.text+0x1b): referencia a `pthread_create' sin definir
collect2: error: ld returned 1 exit status
CMakeFiles/cmTC_b68d8.dir/build.make:97: fallo en las instrucciones para el objetivo 'cmTC_b68d8'
make[1]: *** [cmTC_b68d8] Error 1
make[1]: se sale del directorio '/home/berti/Repositorys/Ayda/domus_spectra/CMakeFiles/CMakeTmp'
Makefile:126: fallo en las instrucciones para el objetivo 'cmTC_b68d8/fast'
make: *** [cmTC_b68d8/fast] Error 2

File /home/berti/Repositorys/Ayda/domus_spectra/CMakeFiles/CMakeTmp/CheckSymbolExists.c:
/* */
#include <pthread.h>

int main(int argc, char** argv)
{
  (void)argv;
#ifndef pthread_create
  return ((int*)(&pthread_create))[argc];
#else
  (void)argc;
  return 0;
#endif
}

Determining if the function pthread_create exists in the pthreads failed with the following output:
Change Dir: /home/berti/Repositorys/Ayda/domus_spectra/CMakeFiles/CMakeTmp

Run Build Command:"/usr/bin/make" "cmTC_68131/fast"
/usr/bin/make -f CMakeFiles/cmTC_68131.dir/build.make CMakeFiles/cmTC_68131.dir/build
make[1]: se entra en el directorio '/home/berti/Repositorys/Ayda/domus_spectra/CMakeFiles/CMakeTmp'
Building C object CMakeFiles/cmTC_68131.dir/CheckFunctionExists.c.o
/usr/bin/cc    -std=c99 -std=gnu99 -fPIC -DCHECK_FUNCTION_EXISTS=pthread_create   -o CMakeFiles/cmTC_68131.dir/CheckFunctionExists.c.o   -c /usr/share/cmake-3.5/Modules/CheckFunctionExists.c
Linking C executable cmTC_68131
/usr/bin/cmake -E cmake_link_script CMakeFiles/cmTC_68131.dir/link.txt --verbose=1
/usr/bin/cc   -std=c99 -std=gnu99 -fPIC -DCHECK_FUNCTION_EXISTS=pthread_create    CMakeFiles/cmTC_68131.dir/CheckFunctionExists.c.o  -o cmTC_68131 -rdynamic -lpthreads 
/usr/bin/ld: no se puede encontrar -lpthreads
collect2: error: ld returned 1 exit status
CMakeFiles/cmTC_68131.dir/build.make:97: fallo en las instrucciones para el objetivo 'cmTC_68131'
make[1]: *** [cmTC_68131] Error 1
make[1]: se sale del directorio '/home/berti/Repositorys/Ayda/domus_spectra/CMakeFiles/CMakeTmp'
Makefile:126: fallo en las instrucciones para el objetivo 'cmTC_68131/fast'
make: *** [cmTC_68131/fast] Error 2


