Determining if the pthread_create exist failed with the following output:
Change Dir: /home/julio/AyDA/project/domus_spectra/MyGame/linux-build/CMakeFiles/CMakeTmp

Run Build Command:"/usr/bin/make" "cmTC_41179/fast"
/usr/bin/make -f CMakeFiles/cmTC_41179.dir/build.make CMakeFiles/cmTC_41179.dir/build
make[1]: se entra en el directorio '/home/julio/AyDA/project/domus_spectra/MyGame/linux-build/CMakeFiles/CMakeTmp'
Building C object CMakeFiles/cmTC_41179.dir/CheckSymbolExists.c.o
/usr/bin/cc    -std=c99 -fPIC    -o CMakeFiles/cmTC_41179.dir/CheckSymbolExists.c.o   -c /home/julio/AyDA/project/domus_spectra/MyGame/linux-build/CMakeFiles/CMakeTmp/CheckSymbolExists.c
Linking C executable cmTC_41179
/usr/bin/cmake -E cmake_link_script CMakeFiles/cmTC_41179.dir/link.txt --verbose=1
/usr/bin/cc   -std=c99 -fPIC     CMakeFiles/cmTC_41179.dir/CheckSymbolExists.c.o  -o cmTC_41179 -rdynamic 
CMakeFiles/cmTC_41179.dir/CheckSymbolExists.c.o: En la función `main':
CheckSymbolExists.c:(.text+0x15): referencia a `pthread_create' sin definir
collect2: error: ld returned 1 exit status
CMakeFiles/cmTC_41179.dir/build.make:97: fallo en las instrucciones para el objetivo 'cmTC_41179'
make[1]: *** [cmTC_41179] Error 1
make[1]: se sale del directorio '/home/julio/AyDA/project/domus_spectra/MyGame/linux-build/CMakeFiles/CMakeTmp'
Makefile:126: fallo en las instrucciones para el objetivo 'cmTC_41179/fast'
make: *** [cmTC_41179/fast] Error 2

File /home/julio/AyDA/project/domus_spectra/MyGame/linux-build/CMakeFiles/CMakeTmp/CheckSymbolExists.c:
/* */
#include <pthread.h>

int main(int argc, char** argv)
{
  (void)argv;
#ifndef pthread_create
  return ((int*)(&pthread_create))[argc];
#else
  (void)argc;
  return 0;
#endif
}

Determining if the function pthread_create exists in the pthreads failed with the following output:
Change Dir: /home/julio/AyDA/project/domus_spectra/MyGame/linux-build/CMakeFiles/CMakeTmp

Run Build Command:"/usr/bin/make" "cmTC_7beee/fast"
/usr/bin/make -f CMakeFiles/cmTC_7beee.dir/build.make CMakeFiles/cmTC_7beee.dir/build
make[1]: se entra en el directorio '/home/julio/AyDA/project/domus_spectra/MyGame/linux-build/CMakeFiles/CMakeTmp'
Building C object CMakeFiles/cmTC_7beee.dir/CheckFunctionExists.c.o
/usr/bin/cc    -std=c99 -fPIC -DCHECK_FUNCTION_EXISTS=pthread_create   -o CMakeFiles/cmTC_7beee.dir/CheckFunctionExists.c.o   -c /usr/share/cmake-3.7/Modules/CheckFunctionExists.c
Linking C executable cmTC_7beee
/usr/bin/cmake -E cmake_link_script CMakeFiles/cmTC_7beee.dir/link.txt --verbose=1
/usr/bin/cc   -std=c99 -fPIC -DCHECK_FUNCTION_EXISTS=pthread_create    CMakeFiles/cmTC_7beee.dir/CheckFunctionExists.c.o  -o cmTC_7beee -rdynamic -lpthreads 
/usr/bin/ld: no se puede encontrar -lpthreads
collect2: error: ld returned 1 exit status
CMakeFiles/cmTC_7beee.dir/build.make:97: fallo en las instrucciones para el objetivo 'cmTC_7beee'
make[1]: *** [cmTC_7beee] Error 1
make[1]: se sale del directorio '/home/julio/AyDA/project/domus_spectra/MyGame/linux-build/CMakeFiles/CMakeTmp'
Makefile:126: fallo en las instrucciones para el objetivo 'cmTC_7beee/fast'
make: *** [cmTC_7beee/fast] Error 2


